[1.783s] Invoking command in '/home/faiha/polearm/src/barcode_detection': PYTHONPATH=/home/faiha/polearm/build/barcode_detection/prefix_override:/usr/lib/python3/dist-packages/colcon_core/task/python/colcon_distutils_commands:/home/faiha/polearm/install/barcode_detection/lib/python3.10/site-packages:${PYTHONPATH} /usr/bin/python3 -W ignore:setup.py install is deprecated -W ignore:easy_install command is deprecated setup.py egg_info --egg-base ../../build/barcode_detection build --build-base /home/faiha/polearm/build/barcode_detection/build install --record /home/faiha/polearm/build/barcode_detection/install.log --single-version-externally-managed install_data
[2.177s] running egg_info
[2.178s] creating ../../build/barcode_detection/barcode_detection.egg-info
[2.178s] writing ../../build/barcode_detection/barcode_detection.egg-info/PKG-INFO
[2.179s] writing dependency_links to ../../build/barcode_detection/barcode_detection.egg-info/dependency_links.txt
[2.179s] writing entry points to ../../build/barcode_detection/barcode_detection.egg-info/entry_points.txt
[2.179s] writing requirements to ../../build/barcode_detection/barcode_detection.egg-info/requires.txt
[2.180s] writing top-level names to ../../build/barcode_detection/barcode_detection.egg-info/top_level.txt
[2.180s] writing manifest file '../../build/barcode_detection/barcode_detection.egg-info/SOURCES.txt'
[2.184s] reading manifest file '../../build/barcode_detection/barcode_detection.egg-info/SOURCES.txt'
[2.184s] adding license file 'LICENSE'
[2.185s] writing manifest file '../../build/barcode_detection/barcode_detection.egg-info/SOURCES.txt'
[2.185s] running build
[2.185s] running build_py
[2.186s] creating /home/faiha/polearm/build/barcode_detection/build
[2.186s] creating /home/faiha/polearm/build/barcode_detection/build/lib
[2.186s] creating /home/faiha/polearm/build/barcode_detection/build/lib/barcode_detection
[2.186s] copying barcode_detection/backup_node.py -> /home/faiha/polearm/build/barcode_detection/build/lib/barcode_detection
[2.186s] copying barcode_detection/__init__.py -> /home/faiha/polearm/build/barcode_detection/build/lib/barcode_detection
[2.186s] copying barcode_detection/two_webcam_node.py -> /home/faiha/polearm/build/barcode_detection/build/lib/barcode_detection
[2.187s] copying barcode_detection/webcam_node.py -> /home/faiha/polearm/build/barcode_detection/build/lib/barcode_detection
[2.187s] running install
[2.187s] running install_lib
[2.189s] creating /home/faiha/polearm/install/barcode_detection/lib/python3.10/site-packages/barcode_detection
[2.189s] copying /home/faiha/polearm/build/barcode_detection/build/lib/barcode_detection/backup_node.py -> /home/faiha/polearm/install/barcode_detection/lib/python3.10/site-packages/barcode_detection
[2.189s] copying /home/faiha/polearm/build/barcode_detection/build/lib/barcode_detection/__init__.py -> /home/faiha/polearm/install/barcode_detection/lib/python3.10/site-packages/barcode_detection
[2.189s] copying /home/faiha/polearm/build/barcode_detection/build/lib/barcode_detection/two_webcam_node.py -> /home/faiha/polearm/install/barcode_detection/lib/python3.10/site-packages/barcode_detection
[2.190s] copying /home/faiha/polearm/build/barcode_detection/build/lib/barcode_detection/webcam_node.py -> /home/faiha/polearm/install/barcode_detection/lib/python3.10/site-packages/barcode_detection
[2.190s] byte-compiling /home/faiha/polearm/install/barcode_detection/lib/python3.10/site-packages/barcode_detection/backup_node.py to backup_node.cpython-310.pyc
[2.192s] byte-compiling /home/faiha/polearm/install/barcode_detection/lib/python3.10/site-packages/barcode_detection/__init__.py to __init__.cpython-310.pyc
[2.193s] byte-compiling /home/faiha/polearm/install/barcode_detection/lib/python3.10/site-packages/barcode_detection/two_webcam_node.py to two_webcam_node.cpython-310.pyc
[2.193s] byte-compiling /home/faiha/polearm/install/barcode_detection/lib/python3.10/site-packages/barcode_detection/webcam_node.py to webcam_node.cpython-310.pyc
[2.195s] running install_data
[2.195s] creating /home/faiha/polearm/install/barcode_detection/share/ament_index
[2.195s] creating /home/faiha/polearm/install/barcode_detection/share/ament_index/resource_index
[2.195s] creating /home/faiha/polearm/install/barcode_detection/share/ament_index/resource_index/packages
[2.195s] copying resource/barcode_detection -> /home/faiha/polearm/install/barcode_detection/share/ament_index/resource_index/packages
[2.195s] copying package.xml -> /home/faiha/polearm/install/barcode_detection/share/barcode_detection
[2.195s] creating /home/faiha/polearm/install/barcode_detection/share/barcode_detection/launch
[2.196s] running install_egg_info
[2.199s] Copying ../../build/barcode_detection/barcode_detection.egg-info to /home/faiha/polearm/install/barcode_detection/lib/python3.10/site-packages/barcode_detection-0.0.1-py3.10.egg-info
[2.200s] running install_scripts
[2.231s] Installing barcode_node script to /home/faiha/polearm/install/barcode_detection/lib/barcode_detection
[2.231s] writing list of installed files to '/home/faiha/polearm/build/barcode_detection/install.log'
[2.291s] Invoked command in '/home/faiha/polearm/src/barcode_detection' returned '0': PYTHONPATH=/home/faiha/polearm/build/barcode_detection/prefix_override:/usr/lib/python3/dist-packages/colcon_core/task/python/colcon_distutils_commands:/home/faiha/polearm/install/barcode_detection/lib/python3.10/site-packages:${PYTHONPATH} /usr/bin/python3 -W ignore:setup.py install is deprecated -W ignore:easy_install command is deprecated setup.py egg_info --egg-base ../../build/barcode_detection build --build-base /home/faiha/polearm/build/barcode_detection/build install --record /home/faiha/polearm/build/barcode_detection/install.log --single-version-externally-managed install_data
