running egg_info
writing ../../build/barcode_detection/barcode_detection.egg-info/PKG-INFO
writing dependency_links to ../../build/barcode_detection/barcode_detection.egg-info/dependency_links.txt
writing entry points to ../../build/barcode_detection/barcode_detection.egg-info/entry_points.txt
writing requirements to ../../build/barcode_detection/barcode_detection.egg-info/requires.txt
writing top-level names to ../../build/barcode_detection/barcode_detection.egg-info/top_level.txt
reading manifest file '../../build/barcode_detection/barcode_detection.egg-info/SOURCES.txt'
adding license file 'LICENSE'
writing manifest file '../../build/barcode_detection/barcode_detection.egg-info/SOURCES.txt'
running build
running build_py
copying barcode_detection/two_webcam_node.py -> /home/faiha/polearm/build/barcode_detection/build/lib/barcode_detection
running install
running install_lib
copying /home/faiha/polearm/build/barcode_detection/build/lib/barcode_detection/two_webcam_node.py -> /home/faiha/polearm/install/barcode_detection/lib/python3.10/site-packages/barcode_detection
byte-compiling /home/faiha/polearm/install/barcode_detection/lib/python3.10/site-packages/barcode_detection/two_webcam_node.py to two_webcam_node.cpython-310.pyc
running install_data
running install_egg_info
removing '/home/faiha/polearm/install/barcode_detection/lib/python3.10/site-packages/barcode_detection-0.0.1-py3.10.egg-info' (and everything under it)
Copying ../../build/barcode_detection/barcode_detection.egg-info to /home/faiha/polearm/install/barcode_detection/lib/python3.10/site-packages/barcode_detection-0.0.1-py3.10.egg-info
running install_scripts
Installing barcode_node script to /home/faiha/polearm/install/barcode_detection/lib/barcode_detection
Installing two_webcam_node script to /home/faiha/polearm/install/barcode_detection/lib/barcode_detection
writing list of installed files to '/home/faiha/polearm/build/barcode_detection/install.log'
