[1.455s] Invoking command in '/home/faiha/polearm/src/yolo': PYTHONPATH=/home/faiha/polearm/build/yolo/prefix_override:/usr/lib/python3/dist-packages/colcon_core/task/python/colcon_distutils_commands:/home/faiha/polearm/install/yolo/lib/python3.10/site-packages:${PYTHONPATH} /usr/bin/python3 -W ignore:setup.py install is deprecated -W ignore:easy_install command is deprecated setup.py egg_info --egg-base ../../build/yolo build --build-base /home/faiha/polearm/build/yolo/build install --record /home/faiha/polearm/build/yolo/install.log --single-version-externally-managed install_data
[1.797s] running egg_info
[1.798s] creating ../../build/yolo/yolo.egg-info
[1.798s] writing ../../build/yolo/yolo.egg-info/PKG-INFO
[1.798s] writing dependency_links to ../../build/yolo/yolo.egg-info/dependency_links.txt
[1.798s] writing entry points to ../../build/yolo/yolo.egg-info/entry_points.txt
[1.799s] writing requirements to ../../build/yolo/yolo.egg-info/requires.txt
[1.800s] writing top-level names to ../../build/yolo/yolo.egg-info/top_level.txt
[1.800s] writing manifest file '../../build/yolo/yolo.egg-info/SOURCES.txt'
[1.802s] reading manifest file '../../build/yolo/yolo.egg-info/SOURCES.txt'
[1.803s] writing manifest file '../../build/yolo/yolo.egg-info/SOURCES.txt'
[1.803s] running build
[1.803s] running build_py
[1.803s] creating /home/faiha/polearm/build/yolo/build
[1.803s] creating /home/faiha/polearm/build/yolo/build/lib
[1.803s] creating /home/faiha/polearm/build/yolo/build/lib/Barcode_detection
[1.803s] copying Barcode_detection/__init__.py -> /home/faiha/polearm/build/yolo/build/lib/Barcode_detection
[1.804s] copying Barcode_detection/barcode_scanner.py -> /home/faiha/polearm/build/yolo/build/lib/Barcode_detection
[1.804s] running install
[1.804s] running install_lib
[1.806s] creating /home/faiha/polearm/install/yolo/lib/python3.10/site-packages/Barcode_detection
[1.806s] copying /home/faiha/polearm/build/yolo/build/lib/Barcode_detection/__init__.py -> /home/faiha/polearm/install/yolo/lib/python3.10/site-packages/Barcode_detection
[1.806s] copying /home/faiha/polearm/build/yolo/build/lib/Barcode_detection/barcode_scanner.py -> /home/faiha/polearm/install/yolo/lib/python3.10/site-packages/Barcode_detection
[1.806s] byte-compiling /home/faiha/polearm/install/yolo/lib/python3.10/site-packages/Barcode_detection/__init__.py to __init__.cpython-310.pyc
[1.807s] byte-compiling /home/faiha/polearm/install/yolo/lib/python3.10/site-packages/Barcode_detection/barcode_scanner.py to barcode_scanner.cpython-310.pyc
[1.808s] running install_data
[1.808s] creating /home/faiha/polearm/install/yolo/share/ament_index
[1.808s] creating /home/faiha/polearm/install/yolo/share/ament_index/resource_index
[1.808s] creating /home/faiha/polearm/install/yolo/share/ament_index/resource_index/packages
[1.808s] copying resource/yolo -> /home/faiha/polearm/install/yolo/share/ament_index/resource_index/packages
[1.808s] copying package.xml -> /home/faiha/polearm/install/yolo/share/yolo
[1.809s] running install_egg_info
[1.812s] Copying ../../build/yolo/yolo.egg-info to /home/faiha/polearm/install/yolo/lib/python3.10/site-packages/yolo-0.0.0-py3.10.egg-info
[1.813s] running install_scripts
[1.839s] Installing barciode_scanner script to /home/faiha/polearm/install/yolo/lib/yolo
[1.840s] writing list of installed files to '/home/faiha/polearm/build/yolo/install.log'
[1.883s] Invoked command in '/home/faiha/polearm/src/yolo' returned '0': PYTHONPATH=/home/faiha/polearm/build/yolo/prefix_override:/usr/lib/python3/dist-packages/colcon_core/task/python/colcon_distutils_commands:/home/faiha/polearm/install/yolo/lib/python3.10/site-packages:${PYTHONPATH} /usr/bin/python3 -W ignore:setup.py install is deprecated -W ignore:easy_install command is deprecated setup.py egg_info --egg-base ../../build/yolo build --build-base /home/faiha/polearm/build/yolo/build install --record /home/faiha/polearm/build/yolo/install.log --single-version-externally-managed install_data
