[0.460s] Invoking command in '/home/faiha/polearm/build/usb_cam': CMAKE_PREFIX_PATH=/home/faiha/polearm/install/barcode_detection:/opt/ros/humble /usr/bin/cmake /home/faiha/polearm/src/usb_cam -DCMAKE_INSTALL_PREFIX=/home/faiha/polearm/install/usb_cam
[0.589s] -- The C compiler identification is GNU 11.4.0
[0.699s] -- The CXX compiler identification is GNU 11.4.0
[0.716s] -- Detecting C compiler ABI info
[0.852s] -- Detecting C compiler ABI info - done
[0.862s] -- Check for working C compiler: /usr/bin/cc - skipped
[0.863s] -- Detecting C compile features
[0.863s] -- Detecting C compile features - done
[0.870s] -- Detecting CXX compiler ABI info
[1.009s] -- Detecting CXX compiler ABI info - done
[1.022s] -- Check for working CXX compiler: /usr/bin/c++ - skipped
[1.022s] -- Detecting CXX compile features
[1.022s] -- Detecting CXX compile features - done
[1.040s] -- Found ament_cmake_auto: 1.3.11 (/opt/ros/humble/share/ament_cmake_auto/cmake)
[1.293s] -- Found Python3: /usr/bin/python3 (found version "3.10.12") found components: Interpreter 
[1.696s] -- Found rosidl_generator_c: 3.1.6 (/opt/ros/humble/share/rosidl_generator_c/cmake)
[1.708s] -- Found rosidl_adapter: 3.1.6 (/opt/ros/humble/share/rosidl_adapter/cmake)
[1.726s] -- Found rosidl_generator_cpp: 3.1.6 (/opt/ros/humble/share/rosidl_generator_cpp/cmake)
[1.752s] -- Using all available rosidl_typesupport_c: rosidl_typesupport_fastrtps_c;rosidl_typesupport_introspection_c
[1.789s] -- Using all available rosidl_typesupport_cpp: rosidl_typesupport_fastrtps_cpp;rosidl_typesupport_introspection_cpp
[1.883s] -- Found rmw_implementation_cmake: 6.1.2 (/opt/ros/humble/share/rmw_implementation_cmake/cmake)
[1.888s] -- Found rmw_fastrtps_cpp: 6.2.7 (/opt/ros/humble/share/rmw_fastrtps_cpp/cmake)
[2.076s] -- Found OpenSSL: /usr/lib/x86_64-linux-gnu/libcrypto.so (found version "3.0.2")  
[2.121s] -- Found FastRTPS: /opt/ros/humble/include  
[2.185s] -- Using RMW implementation 'rmw_fastrtps_cpp' as default
[2.203s] -- Looking for pthread.h
[2.332s] -- Looking for pthread.h - found
[2.332s] -- Performing Test CMAKE_HAVE_LIBC_PTHREAD
[2.450s] -- Performing Test CMAKE_HAVE_LIBC_PTHREAD - Success
[2.451s] -- Found Threads: TRUE  
[2.829s] -- Found OpenCV: /usr (found version "4.5.4") 
[2.837s] -- Found PkgConfig: /usr/bin/pkg-config (found version "0.29.2") 
[2.838s] -- Checking for module 'libavcodec'
[2.867s] --   Found libavcodec, version 58.134.100
[2.940s] -- Checking for module 'libavutil'
[2.967s] --   Found libavutil, version 56.70.100
[3.044s] -- Checking for module 'libswscale'
[3.074s] --   Found libswscale, version 5.9.100
[3.154s] -- Found ament_lint_auto: 0.12.12 (/opt/ros/humble/share/ament_lint_auto/cmake)
[3.194s] -- Found gtest sources under '/opt/ros/humble/src/gtest_vendor': C++ tests using 'Google Test' will be built
[3.211s] -- Added test 'copyright' to check source files copyright and LICENSE
[3.229s] -- Added test 'cppcheck' to perform static code analysis on C / C++ code
[3.229s] -- Configured cppcheck include dirs: /home/faiha/polearm/src/usb_cam/include
[3.229s] -- Configured cppcheck exclude dirs and/or files: 
[3.243s] -- Added test 'cpplint' to check C / C++ code against the Google style
[3.243s] -- Configured cpplint exclude dirs and/or files: 
[3.245s] -- Added test 'flake8' to check Python code syntax and style conventions
[3.249s] -- Added test 'lint_cmake' to check CMake code style
[3.251s] -- Added test 'pep257' to check Python code against some of the docstring style conventions in PEP 257
[3.265s] -- Added test 'uncrustify' to check C / C++ code style
[3.265s] -- Configured uncrustify additional arguments: 
[3.267s] -- Added test 'xmllint' to check XML markup files
[3.272s] -- Configuring done
[3.321s] -- Generating done
[3.335s] -- Build files have been written to: /home/faiha/polearm/build/usb_cam
[3.353s] Invoked command in '/home/faiha/polearm/build/usb_cam' returned '0': CMAKE_PREFIX_PATH=/home/faiha/polearm/install/barcode_detection:/opt/ros/humble /usr/bin/cmake /home/faiha/polearm/src/usb_cam -DCMAKE_INSTALL_PREFIX=/home/faiha/polearm/install/usb_cam
[3.356s] Invoking command in '/home/faiha/polearm/build/usb_cam': CMAKE_PREFIX_PATH=/home/faiha/polearm/install/barcode_detection:/opt/ros/humble /usr/bin/cmake --build /home/faiha/polearm/build/usb_cam -- -j16 -l16
[3.442s] [  7%] [32mBuilding CXX object CMakeFiles/usb_cam.dir/src/usb_cam.cpp.o[0m
[3.443s] [ 21%] [32mBuilding CXX object gtest/CMakeFiles/gtest_main.dir/src/gtest_main.cc.o[0m
[3.444s] [ 21%] [32mBuilding CXX object gtest/CMakeFiles/gtest.dir/src/gtest-all.cc.o[0m
[3.444s] [ 28%] [32mBuilding CXX object CMakeFiles/usb_cam_node_exe.dir/rclcpp_components/node_main_usb_cam_node_exe.cpp.o[0m
[4.699s] [ 35%] [32m[1mLinking CXX static library libgtest_main.a[0m
[4.939s] [ 35%] Built target gtest_main
[6.162s] [ 42%] [32m[1mLinking CXX shared library libusb_cam.so[0m
[6.566s] [ 42%] Built target usb_cam
[6.603s] [ 50%] [32mBuilding CXX object CMakeFiles/usb_cam_node.dir/src/usb_cam_node.cpp.o[0m
[7.772s] [ 57%] [32m[1mLinking CXX static library libgtest.a[0m
[7.918s] [ 57%] Built target gtest
[7.932s] [ 64%] [32m[1mLinking CXX executable usb_cam_node_exe[0m
[7.954s] [ 71%] [32mBuilding CXX object CMakeFiles/test_usb_cam_utils.dir/test/test_usb_cam_utils.cpp.o[0m
[7.957s] [ 78%] [32mBuilding CXX object CMakeFiles/test_pixel_formats.dir/test/test_pixel_formats.cpp.o[0m
[8.504s] [ 78%] Built target usb_cam_node_exe
[9.657s] [ 85%] [32m[1mLinking CXX executable test_usb_cam_utils[0m
[10.081s] [ 92%] [32m[1mLinking CXX executable test_pixel_formats[0m
[10.132s] [ 92%] Built target test_usb_cam_utils
[10.500s] [ 92%] Built target test_pixel_formats
[14.830s] [100%] [32m[1mLinking CXX shared library libusb_cam_node.so[0m
[15.453s] [100%] Built target usb_cam_node
[15.468s] Invoked command in '/home/faiha/polearm/build/usb_cam' returned '0': CMAKE_PREFIX_PATH=/home/faiha/polearm/install/barcode_detection:/opt/ros/humble /usr/bin/cmake --build /home/faiha/polearm/build/usb_cam -- -j16 -l16
[15.480s] Invoking command in '/home/faiha/polearm/build/usb_cam': CMAKE_PREFIX_PATH=/home/faiha/polearm/install/barcode_detection:/opt/ros/humble /usr/bin/cmake --install /home/faiha/polearm/build/usb_cam
[15.488s] -- Install configuration: ""
[15.488s] -- Installing: /home/faiha/polearm/install/usb_cam/share/usb_cam/environment/library_path.sh
[15.489s] -- Installing: /home/faiha/polearm/install/usb_cam/share/usb_cam/environment/library_path.dsv
[15.489s] -- Installing: /home/faiha/polearm/install/usb_cam/lib/usb_cam/usb_cam_node_exe
[15.490s] -- Set runtime path of "/home/faiha/polearm/install/usb_cam/lib/usb_cam/usb_cam_node_exe" to ""
[15.490s] -- Installing: /home/faiha/polearm/install/usb_cam/lib/usb_cam/show_image.py
[15.490s] -- Installing: /home/faiha/polearm/install/usb_cam/lib/libusb_cam.so
[15.491s] -- Installing: /home/faiha/polearm/install/usb_cam/lib/libusb_cam_node.so
[15.497s] -- Set runtime path of "/home/faiha/polearm/install/usb_cam/lib/libusb_cam_node.so" to ""
[15.498s] -- Installing: /home/faiha/polearm/install/usb_cam/include
[15.498s] -- Installing: /home/faiha/polearm/install/usb_cam/include/usb_cam
[15.498s] -- Installing: /home/faiha/polearm/install/usb_cam/include/usb_cam/usb_cam_node.hpp
[15.498s] -- Installing: /home/faiha/polearm/install/usb_cam/include/usb_cam/conversions.hpp
[15.498s] -- Installing: /home/faiha/polearm/install/usb_cam/include/usb_cam/constants.hpp
[15.499s] -- Installing: /home/faiha/polearm/install/usb_cam/include/usb_cam/formats
[15.499s] -- Installing: /home/faiha/polearm/install/usb_cam/include/usb_cam/formats/mjpeg.hpp
[15.499s] -- Installing: /home/faiha/polearm/install/usb_cam/include/usb_cam/formats/av_pixel_format_helper.hpp
[15.499s] -- Installing: /home/faiha/polearm/install/usb_cam/include/usb_cam/formats/pixel_format_base.hpp
[15.499s] -- Installing: /home/faiha/polearm/install/usb_cam/include/usb_cam/formats/rgb.hpp
[15.500s] -- Installing: /home/faiha/polearm/install/usb_cam/include/usb_cam/formats/uyvy.hpp
[15.500s] -- Installing: /home/faiha/polearm/install/usb_cam/include/usb_cam/formats/m420.hpp
[15.500s] -- Installing: /home/faiha/polearm/install/usb_cam/include/usb_cam/formats/yuyv.hpp
[15.500s] -- Installing: /home/faiha/polearm/install/usb_cam/include/usb_cam/formats/utils.hpp
[15.500s] -- Installing: /home/faiha/polearm/install/usb_cam/include/usb_cam/formats/mono.hpp
[15.500s] -- Installing: /home/faiha/polearm/install/usb_cam/include/usb_cam/utils.hpp
[15.500s] -- Installing: /home/faiha/polearm/install/usb_cam/include/usb_cam/usb_cam.hpp
[15.501s] -- Up-to-date: /home/faiha/polearm/install/usb_cam/lib/libusb_cam_node.so
[15.501s] -- Installing: /home/faiha/polearm/install/usb_cam/share/usb_cam/launch
[15.501s] -- Installing: /home/faiha/polearm/install/usb_cam/share/usb_cam/launch/camera_config.py
[15.501s] -- Installing: /home/faiha/polearm/install/usb_cam/share/usb_cam/launch/__init__.py
[15.501s] -- Installing: /home/faiha/polearm/install/usb_cam/share/usb_cam/launch/camera.launch.py
[15.501s] -- Installing: /home/faiha/polearm/install/usb_cam/share/usb_cam/config
[15.501s] -- Installing: /home/faiha/polearm/install/usb_cam/share/usb_cam/config/params_2.yaml
[15.501s] -- Installing: /home/faiha/polearm/install/usb_cam/share/usb_cam/config/camera_info.yaml
[15.501s] -- Installing: /home/faiha/polearm/install/usb_cam/share/usb_cam/config/params_1.yaml
[15.502s] -- Installing: /home/faiha/polearm/install/usb_cam/share/ament_index/resource_index/package_run_dependencies/usb_cam
[15.502s] -- Installing: /home/faiha/polearm/install/usb_cam/share/ament_index/resource_index/parent_prefix_path/usb_cam
[15.502s] -- Installing: /home/faiha/polearm/install/usb_cam/share/usb_cam/environment/ament_prefix_path.sh
[15.502s] -- Installing: /home/faiha/polearm/install/usb_cam/share/usb_cam/environment/ament_prefix_path.dsv
[15.503s] -- Installing: /home/faiha/polearm/install/usb_cam/share/usb_cam/environment/path.sh
[15.503s] -- Installing: /home/faiha/polearm/install/usb_cam/share/usb_cam/environment/path.dsv
[15.503s] -- Installing: /home/faiha/polearm/install/usb_cam/share/usb_cam/local_setup.bash
[15.503s] -- Installing: /home/faiha/polearm/install/usb_cam/share/usb_cam/local_setup.sh
[15.503s] -- Installing: /home/faiha/polearm/install/usb_cam/share/usb_cam/local_setup.zsh
[15.503s] -- Installing: /home/faiha/polearm/install/usb_cam/share/usb_cam/local_setup.dsv
[15.504s] -- Installing: /home/faiha/polearm/install/usb_cam/share/usb_cam/package.dsv
[15.504s] -- Installing: /home/faiha/polearm/install/usb_cam/share/ament_index/resource_index/packages/usb_cam
[15.504s] -- Installing: /home/faiha/polearm/install/usb_cam/share/ament_index/resource_index/rclcpp_components/usb_cam
[15.504s] -- Installing: /home/faiha/polearm/install/usb_cam/share/usb_cam/cmake/ament_cmake_export_libraries-extras.cmake
[15.504s] -- Installing: /home/faiha/polearm/install/usb_cam/share/usb_cam/cmake/ament_cmake_export_dependencies-extras.cmake
[15.504s] -- Installing: /home/faiha/polearm/install/usb_cam/share/usb_cam/cmake/ament_cmake_export_include_directories-extras.cmake
[15.505s] -- Installing: /home/faiha/polearm/install/usb_cam/share/usb_cam/cmake/usb_camConfig.cmake
[15.505s] -- Installing: /home/faiha/polearm/install/usb_cam/share/usb_cam/cmake/usb_camConfig-version.cmake
[15.505s] -- Installing: /home/faiha/polearm/install/usb_cam/share/usb_cam/package.xml
[15.508s] Invoked command in '/home/faiha/polearm/build/usb_cam' returned '0': CMAKE_PREFIX_PATH=/home/faiha/polearm/install/barcode_detection:/opt/ros/humble /usr/bin/cmake --install /home/faiha/polearm/build/usb_cam
