/home/faiha/polearm/install/barcode_detection/lib/python3.10/site-packages/barcode_detection/backup_node.py
/home/faiha/polearm/install/barcode_detection/lib/python3.10/site-packages/barcode_detection/__init__.py
/home/faiha/polearm/install/barcode_detection/lib/python3.10/site-packages/barcode_detection/two_webcam_backup.py
/home/faiha/polearm/install/barcode_detection/lib/python3.10/site-packages/barcode_detection/two_webcam_node.py
/home/faiha/polearm/install/barcode_detection/lib/python3.10/site-packages/barcode_detection/webcam_node.py
/home/faiha/polearm/install/barcode_detection/lib/python3.10/site-packages/barcode_detection/__pycache__/backup_node.cpython-310.pyc
/home/faiha/polearm/install/barcode_detection/lib/python3.10/site-packages/barcode_detection/__pycache__/__init__.cpython-310.pyc
/home/faiha/polearm/install/barcode_detection/lib/python3.10/site-packages/barcode_detection/__pycache__/two_webcam_backup.cpython-310.pyc
/home/faiha/polearm/install/barcode_detection/lib/python3.10/site-packages/barcode_detection/__pycache__/two_webcam_node.cpython-310.pyc
/home/faiha/polearm/install/barcode_detection/lib/python3.10/site-packages/barcode_detection/__pycache__/webcam_node.cpython-310.pyc
/home/faiha/polearm/install/barcode_detection/share/ament_index/resource_index/packages/barcode_detection
/home/faiha/polearm/install/barcode_detection/share/barcode_detection/package.xml
/home/faiha/polearm/install/barcode_detection/share/barcode_detection/launch/camera_barcode_detection.launch.py
/home/faiha/polearm/install/barcode_detection/lib/python3.10/site-packages/barcode_detection-0.0.1-py3.10.egg-info/dependency_links.txt
/home/faiha/polearm/install/barcode_detection/lib/python3.10/site-packages/barcode_detection-0.0.1-py3.10.egg-info/requires.txt
/home/faiha/polearm/install/barcode_detection/lib/python3.10/site-packages/barcode_detection-0.0.1-py3.10.egg-info/SOURCES.txt
/home/faiha/polearm/install/barcode_detection/lib/python3.10/site-packages/barcode_detection-0.0.1-py3.10.egg-info/top_level.txt
/home/faiha/polearm/install/barcode_detection/lib/python3.10/site-packages/barcode_detection-0.0.1-py3.10.egg-info/entry_points.txt
/home/faiha/polearm/install/barcode_detection/lib/python3.10/site-packages/barcode_detection-0.0.1-py3.10.egg-info/zip-safe
/home/faiha/polearm/install/barcode_detection/lib/python3.10/site-packages/barcode_detection-0.0.1-py3.10.egg-info/PKG-INFO
/home/faiha/polearm/install/barcode_detection/lib/barcode_detection/barcode_node
/home/faiha/polearm/install/barcode_detection/lib/barcode_detection/two_webcam_node
