[0.454s] Invoking command in '/home/faiha/polearm/build/usb_cam': CMAKE_PREFIX_PATH=${CMAKE_PREFIX_PATH}:/home/faiha/polearm/install/yolo:/home/faiha/polearm/install/barcode_detection:/opt/ros/humble /usr/bin/cmake --build /home/faiha/polearm/build/usb_cam -- -j16 -l16
[0.555s] [ 14%] Built target usb_cam
[0.555s] [ 28%] Built target gtest_main
[0.558s] [ 57%] Built target usb_cam_node_exe
[0.558s] [ 57%] Built target gtest
[0.597s] [ 71%] Built target test_usb_cam_utils
[0.600s] [ 85%] Built target test_pixel_formats
[0.604s] [100%] Built target usb_cam_node
[0.881s] Invoked command in '/home/faiha/polearm/build/usb_cam' returned '0': CMAKE_PREFIX_PATH=${CMAKE_PREFIX_PATH}:/home/faiha/polearm/install/yolo:/home/faiha/polearm/install/barcode_detection:/opt/ros/humble /usr/bin/cmake --build /home/faiha/polearm/build/usb_cam -- -j16 -l16
[0.897s] Invoking command in '/home/faiha/polearm/build/usb_cam': CMAKE_PREFIX_PATH=${CMAKE_PREFIX_PATH}:/home/faiha/polearm/install/yolo:/home/faiha/polearm/install/barcode_detection:/opt/ros/humble /usr/bin/cmake --install /home/faiha/polearm/build/usb_cam
[0.909s] -- Install configuration: ""
[0.909s] -- Up-to-date: /home/faiha/polearm/install/usb_cam/share/usb_cam/environment/library_path.sh
[0.909s] -- Up-to-date: /home/faiha/polearm/install/usb_cam/share/usb_cam/environment/library_path.dsv
[0.910s] -- Up-to-date: /home/faiha/polearm/install/usb_cam/lib/usb_cam/usb_cam_node_exe
[0.910s] -- Up-to-date: /home/faiha/polearm/install/usb_cam/lib/usb_cam/show_image.py
[0.910s] -- Up-to-date: /home/faiha/polearm/install/usb_cam/lib/libusb_cam.so
[0.910s] -- Up-to-date: /home/faiha/polearm/install/usb_cam/lib/libusb_cam_node.so
[0.911s] -- Up-to-date: /home/faiha/polearm/install/usb_cam/include
[0.911s] -- Up-to-date: /home/faiha/polearm/install/usb_cam/include/usb_cam
[0.911s] -- Up-to-date: /home/faiha/polearm/install/usb_cam/include/usb_cam/usb_cam_node.hpp
[0.911s] -- Up-to-date: /home/faiha/polearm/install/usb_cam/include/usb_cam/conversions.hpp
[0.911s] -- Up-to-date: /home/faiha/polearm/install/usb_cam/include/usb_cam/constants.hpp
[0.911s] -- Up-to-date: /home/faiha/polearm/install/usb_cam/include/usb_cam/formats
[0.912s] -- Up-to-date: /home/faiha/polearm/install/usb_cam/include/usb_cam/formats/mjpeg.hpp
[0.912s] -- Up-to-date: /home/faiha/polearm/install/usb_cam/include/usb_cam/formats/av_pixel_format_helper.hpp
[0.912s] -- Up-to-date: /home/faiha/polearm/install/usb_cam/include/usb_cam/formats/pixel_format_base.hpp
[0.912s] -- Up-to-date: /home/faiha/polearm/install/usb_cam/include/usb_cam/formats/rgb.hpp
[0.912s] -- Up-to-date: /home/faiha/polearm/install/usb_cam/include/usb_cam/formats/uyvy.hpp
[0.912s] -- Up-to-date: /home/faiha/polearm/install/usb_cam/include/usb_cam/formats/m420.hpp
[0.912s] -- Up-to-date: /home/faiha/polearm/install/usb_cam/include/usb_cam/formats/yuyv.hpp
[0.912s] -- Up-to-date: /home/faiha/polearm/install/usb_cam/include/usb_cam/formats/utils.hpp
[0.912s] -- Up-to-date: /home/faiha/polearm/install/usb_cam/include/usb_cam/formats/mono.hpp
[0.913s] -- Up-to-date: /home/faiha/polearm/install/usb_cam/include/usb_cam/utils.hpp
[0.913s] -- Up-to-date: /home/faiha/polearm/install/usb_cam/include/usb_cam/usb_cam.hpp
[0.913s] -- Up-to-date: /home/faiha/polearm/install/usb_cam/lib/libusb_cam_node.so
[0.913s] -- Up-to-date: /home/faiha/polearm/install/usb_cam/share/usb_cam/launch
[0.913s] -- Up-to-date: /home/faiha/polearm/install/usb_cam/share/usb_cam/launch/camera_config.py
[0.913s] -- Up-to-date: /home/faiha/polearm/install/usb_cam/share/usb_cam/launch/__init__.py
[0.913s] -- Up-to-date: /home/faiha/polearm/install/usb_cam/share/usb_cam/launch/camera.launch.py
[0.913s] -- Up-to-date: /home/faiha/polearm/install/usb_cam/share/usb_cam/config
[0.914s] -- Up-to-date: /home/faiha/polearm/install/usb_cam/share/usb_cam/config/params_2.yaml
[0.914s] -- Up-to-date: /home/faiha/polearm/install/usb_cam/share/usb_cam/config/camera_info.yaml
[0.914s] -- Up-to-date: /home/faiha/polearm/install/usb_cam/share/usb_cam/config/params_1.yaml
[0.914s] -- Up-to-date: /home/faiha/polearm/install/usb_cam/share/ament_index/resource_index/package_run_dependencies/usb_cam
[0.914s] -- Up-to-date: /home/faiha/polearm/install/usb_cam/share/ament_index/resource_index/parent_prefix_path/usb_cam
[0.914s] -- Up-to-date: /home/faiha/polearm/install/usb_cam/share/usb_cam/environment/ament_prefix_path.sh
[0.915s] -- Up-to-date: /home/faiha/polearm/install/usb_cam/share/usb_cam/environment/ament_prefix_path.dsv
[0.915s] -- Up-to-date: /home/faiha/polearm/install/usb_cam/share/usb_cam/environment/path.sh
[0.915s] -- Up-to-date: /home/faiha/polearm/install/usb_cam/share/usb_cam/environment/path.dsv
[0.915s] -- Up-to-date: /home/faiha/polearm/install/usb_cam/share/usb_cam/local_setup.bash
[0.915s] -- Up-to-date: /home/faiha/polearm/install/usb_cam/share/usb_cam/local_setup.sh
[0.915s] -- Up-to-date: /home/faiha/polearm/install/usb_cam/share/usb_cam/local_setup.zsh
[0.915s] -- Up-to-date: /home/faiha/polearm/install/usb_cam/share/usb_cam/local_setup.dsv
[0.915s] -- Installing: /home/faiha/polearm/install/usb_cam/share/usb_cam/package.dsv
[0.915s] -- Up-to-date: /home/faiha/polearm/install/usb_cam/share/ament_index/resource_index/packages/usb_cam
[0.916s] -- Up-to-date: /home/faiha/polearm/install/usb_cam/share/ament_index/resource_index/rclcpp_components/usb_cam
[0.916s] -- Up-to-date: /home/faiha/polearm/install/usb_cam/share/usb_cam/cmake/ament_cmake_export_libraries-extras.cmake
[0.916s] -- Up-to-date: /home/faiha/polearm/install/usb_cam/share/usb_cam/cmake/ament_cmake_export_dependencies-extras.cmake
[0.916s] -- Up-to-date: /home/faiha/polearm/install/usb_cam/share/usb_cam/cmake/ament_cmake_export_include_directories-extras.cmake
[0.916s] -- Up-to-date: /home/faiha/polearm/install/usb_cam/share/usb_cam/cmake/usb_camConfig.cmake
[0.916s] -- Up-to-date: /home/faiha/polearm/install/usb_cam/share/usb_cam/cmake/usb_camConfig-version.cmake
[0.916s] -- Up-to-date: /home/faiha/polearm/install/usb_cam/share/usb_cam/package.xml
[0.920s] Invoked command in '/home/faiha/polearm/build/usb_cam' returned '0': CMAKE_PREFIX_PATH=${CMAKE_PREFIX_PATH}:/home/faiha/polearm/install/yolo:/home/faiha/polearm/install/barcode_detection:/opt/ros/humble /usr/bin/cmake --install /home/faiha/polearm/build/usb_cam
