[0.485s] Invoking command in '/home/faiha/polearm/build/usb_cam': CMAKE_PREFIX_PATH=${CMAKE_PREFIX_PATH}:/home/faiha/polearm/install/yolo:/home/faiha/polearm/install/barcode_detection:/opt/ros/humble /usr/bin/cmake --build /home/faiha/polearm/build/usb_cam -- -j16 -l16
[0.593s] [ 28%] Built target gtest
[0.594s] [ 28%] Built target usb_cam
[0.594s] [ 42%] Built target gtest_main
[0.604s] [ 57%] Built target usb_cam_node_exe
[0.643s] [ 71%] Built target test_pixel_formats
[0.646s] [ 85%] Built target test_usb_cam_utils
[0.652s] [100%] Built target usb_cam_node
[0.974s] Invoked command in '/home/faiha/polearm/build/usb_cam' returned '0': CMAKE_PREFIX_PATH=${CMAKE_PREFIX_PATH}:/home/faiha/polearm/install/yolo:/home/faiha/polearm/install/barcode_detection:/opt/ros/humble /usr/bin/cmake --build /home/faiha/polearm/build/usb_cam -- -j16 -l16
[0.992s] Invoking command in '/home/faiha/polearm/build/usb_cam': CMAKE_PREFIX_PATH=${CMAKE_PREFIX_PATH}:/home/faiha/polearm/install/yolo:/home/faiha/polearm/install/barcode_detection:/opt/ros/humble /usr/bin/cmake --install /home/faiha/polearm/build/usb_cam
[1.005s] -- Install configuration: ""
[1.006s] -- Up-to-date: /home/faiha/polearm/install/usb_cam/share/usb_cam/environment/library_path.sh
[1.006s] -- Up-to-date: /home/faiha/polearm/install/usb_cam/share/usb_cam/environment/library_path.dsv
[1.006s] -- Up-to-date: /home/faiha/polearm/install/usb_cam/lib/usb_cam/usb_cam_node_exe
[1.007s] -- Up-to-date: /home/faiha/polearm/install/usb_cam/lib/usb_cam/show_image.py
[1.007s] -- Up-to-date: /home/faiha/polearm/install/usb_cam/lib/libusb_cam.so
[1.007s] -- Up-to-date: /home/faiha/polearm/install/usb_cam/lib/libusb_cam_node.so
[1.007s] -- Up-to-date: /home/faiha/polearm/install/usb_cam/include
[1.007s] -- Up-to-date: /home/faiha/polearm/install/usb_cam/include/usb_cam
[1.007s] -- Up-to-date: /home/faiha/polearm/install/usb_cam/include/usb_cam/usb_cam_node.hpp
[1.008s] -- Up-to-date: /home/faiha/polearm/install/usb_cam/include/usb_cam/conversions.hpp
[1.008s] -- Up-to-date: /home/faiha/polearm/install/usb_cam/include/usb_cam/constants.hpp
[1.008s] -- Up-to-date: /home/faiha/polearm/install/usb_cam/include/usb_cam/formats
[1.008s] -- Up-to-date: /home/faiha/polearm/install/usb_cam/include/usb_cam/formats/mjpeg.hpp
[1.009s] -- Up-to-date: /home/faiha/polearm/install/usb_cam/include/usb_cam/formats/av_pixel_format_helper.hpp
[1.009s] -- Up-to-date: /home/faiha/polearm/install/usb_cam/include/usb_cam/formats/pixel_format_base.hpp
[1.009s] -- Up-to-date: /home/faiha/polearm/install/usb_cam/include/usb_cam/formats/rgb.hpp
[1.009s] -- Up-to-date: /home/faiha/polearm/install/usb_cam/include/usb_cam/formats/uyvy.hpp
[1.009s] -- Up-to-date: /home/faiha/polearm/install/usb_cam/include/usb_cam/formats/m420.hpp
[1.010s] -- Up-to-date: /home/faiha/polearm/install/usb_cam/include/usb_cam/formats/yuyv.hpp
[1.010s] -- Up-to-date: /home/faiha/polearm/install/usb_cam/include/usb_cam/formats/utils.hpp
[1.010s] -- Up-to-date: /home/faiha/polearm/install/usb_cam/include/usb_cam/formats/mono.hpp
[1.010s] -- Up-to-date: /home/faiha/polearm/install/usb_cam/include/usb_cam/utils.hpp
[1.010s] -- Up-to-date: /home/faiha/polearm/install/usb_cam/include/usb_cam/usb_cam.hpp
[1.011s] -- Up-to-date: /home/faiha/polearm/install/usb_cam/lib/libusb_cam_node.so
[1.011s] -- Up-to-date: /home/faiha/polearm/install/usb_cam/share/usb_cam/launch
[1.011s] -- Up-to-date: /home/faiha/polearm/install/usb_cam/share/usb_cam/launch/camera_config.py
[1.011s] -- Up-to-date: /home/faiha/polearm/install/usb_cam/share/usb_cam/launch/__init__.py
[1.011s] -- Up-to-date: /home/faiha/polearm/install/usb_cam/share/usb_cam/launch/camera.launch.py
[1.012s] -- Up-to-date: /home/faiha/polearm/install/usb_cam/share/usb_cam/config
[1.012s] -- Up-to-date: /home/faiha/polearm/install/usb_cam/share/usb_cam/config/params_2.yaml
[1.012s] -- Up-to-date: /home/faiha/polearm/install/usb_cam/share/usb_cam/config/camera_info.yaml
[1.012s] -- Up-to-date: /home/faiha/polearm/install/usb_cam/share/usb_cam/config/params_1.yaml
[1.012s] -- Up-to-date: /home/faiha/polearm/install/usb_cam/share/ament_index/resource_index/package_run_dependencies/usb_cam
[1.012s] -- Up-to-date: /home/faiha/polearm/install/usb_cam/share/ament_index/resource_index/parent_prefix_path/usb_cam
[1.012s] -- Up-to-date: /home/faiha/polearm/install/usb_cam/share/usb_cam/environment/ament_prefix_path.sh
[1.012s] -- Up-to-date: /home/faiha/polearm/install/usb_cam/share/usb_cam/environment/ament_prefix_path.dsv
[1.013s] -- Up-to-date: /home/faiha/polearm/install/usb_cam/share/usb_cam/environment/path.sh
[1.013s] -- Up-to-date: /home/faiha/polearm/install/usb_cam/share/usb_cam/environment/path.dsv
[1.013s] -- Up-to-date: /home/faiha/polearm/install/usb_cam/share/usb_cam/local_setup.bash
[1.013s] -- Up-to-date: /home/faiha/polearm/install/usb_cam/share/usb_cam/local_setup.sh
[1.013s] -- Up-to-date: /home/faiha/polearm/install/usb_cam/share/usb_cam/local_setup.zsh
[1.013s] -- Up-to-date: /home/faiha/polearm/install/usb_cam/share/usb_cam/local_setup.dsv
[1.013s] -- Installing: /home/faiha/polearm/install/usb_cam/share/usb_cam/package.dsv
[1.013s] -- Up-to-date: /home/faiha/polearm/install/usb_cam/share/ament_index/resource_index/packages/usb_cam
[1.013s] -- Up-to-date: /home/faiha/polearm/install/usb_cam/share/ament_index/resource_index/rclcpp_components/usb_cam
[1.013s] -- Up-to-date: /home/faiha/polearm/install/usb_cam/share/usb_cam/cmake/ament_cmake_export_libraries-extras.cmake
[1.014s] -- Up-to-date: /home/faiha/polearm/install/usb_cam/share/usb_cam/cmake/ament_cmake_export_dependencies-extras.cmake
[1.014s] -- Up-to-date: /home/faiha/polearm/install/usb_cam/share/usb_cam/cmake/ament_cmake_export_include_directories-extras.cmake
[1.014s] -- Up-to-date: /home/faiha/polearm/install/usb_cam/share/usb_cam/cmake/usb_camConfig.cmake
[1.014s] -- Up-to-date: /home/faiha/polearm/install/usb_cam/share/usb_cam/cmake/usb_camConfig-version.cmake
[1.014s] -- Up-to-date: /home/faiha/polearm/install/usb_cam/share/usb_cam/package.xml
[1.019s] Invoked command in '/home/faiha/polearm/build/usb_cam' returned '0': CMAKE_PREFIX_PATH=${CMAKE_PREFIX_PATH}:/home/faiha/polearm/install/yolo:/home/faiha/polearm/install/barcode_detection:/opt/ros/humble /usr/bin/cmake --install /home/faiha/polearm/build/usb_cam
