running egg_info
creating ../../build/yolo/yolo.egg-info
writing ../../build/yolo/yolo.egg-info/PKG-INFO
writing dependency_links to ../../build/yolo/yolo.egg-info/dependency_links.txt
writing entry points to ../../build/yolo/yolo.egg-info/entry_points.txt
writing requirements to ../../build/yolo/yolo.egg-info/requires.txt
writing top-level names to ../../build/yolo/yolo.egg-info/top_level.txt
writing manifest file '../../build/yolo/yolo.egg-info/SOURCES.txt'
reading manifest file '../../build/yolo/yolo.egg-info/SOURCES.txt'
writing manifest file '../../build/yolo/yolo.egg-info/SOURCES.txt'
running build
running build_py
creating /home/faiha/polearm/build/yolo/build
creating /home/faiha/polearm/build/yolo/build/lib
creating /home/faiha/polearm/build/yolo/build/lib/Barcode_detection
copying Barcode_detection/__init__.py -> /home/faiha/polearm/build/yolo/build/lib/Barcode_detection
copying Barcode_detection/barcode_scanner.py -> /home/faiha/polearm/build/yolo/build/lib/Barcode_detection
running install
running install_lib
creating /home/faiha/polearm/install/yolo/lib/python3.10/site-packages/Barcode_detection
copying /home/faiha/polearm/build/yolo/build/lib/Barcode_detection/__init__.py -> /home/faiha/polearm/install/yolo/lib/python3.10/site-packages/Barcode_detection
copying /home/faiha/polearm/build/yolo/build/lib/Barcode_detection/barcode_scanner.py -> /home/faiha/polearm/install/yolo/lib/python3.10/site-packages/Barcode_detection
byte-compiling /home/faiha/polearm/install/yolo/lib/python3.10/site-packages/Barcode_detection/__init__.py to __init__.cpython-310.pyc
byte-compiling /home/faiha/polearm/install/yolo/lib/python3.10/site-packages/Barcode_detection/barcode_scanner.py to barcode_scanner.cpython-310.pyc
running install_data
creating /home/faiha/polearm/install/yolo/share/ament_index
creating /home/faiha/polearm/install/yolo/share/ament_index/resource_index
creating /home/faiha/polearm/install/yolo/share/ament_index/resource_index/packages
copying resource/yolo -> /home/faiha/polearm/install/yolo/share/ament_index/resource_index/packages
copying package.xml -> /home/faiha/polearm/install/yolo/share/yolo
running install_egg_info
Copying ../../build/yolo/yolo.egg-info to /home/faiha/polearm/install/yolo/lib/python3.10/site-packages/yolo-0.0.0-py3.10.egg-info
running install_scripts
Installing barciode_scanner script to /home/faiha/polearm/install/yolo/lib/yolo
writing list of installed files to '/home/faiha/polearm/build/yolo/install.log'
