[1.775s] Invoking command in '/home/faiha/polearm/src/yolo': PYTHONPATH=/home/faiha/polearm/build/yolo/prefix_override:/usr/lib/python3/dist-packages/colcon_core/task/python/colcon_distutils_commands:/home/faiha/polearm/install/yolo/lib/python3.10/site-packages:${PYTHONPATH} /usr/bin/python3 -W ignore:setup.py install is deprecated -W ignore:easy_install command is deprecated setup.py egg_info --egg-base ../../build/yolo build --build-base /home/faiha/polearm/build/yolo/build install --record /home/faiha/polearm/build/yolo/install.log --single-version-externally-managed install_data
[2.181s] running egg_info
[2.182s] creating ../../build/yolo/yolo.egg-info
[2.182s] writing ../../build/yolo/yolo.egg-info/PKG-INFO
[2.182s] writing dependency_links to ../../build/yolo/yolo.egg-info/dependency_links.txt
[2.183s] writing entry points to ../../build/yolo/yolo.egg-info/entry_points.txt
[2.183s] writing requirements to ../../build/yolo/yolo.egg-info/requires.txt
[2.183s] writing top-level names to ../../build/yolo/yolo.egg-info/top_level.txt
[2.183s] writing manifest file '../../build/yolo/yolo.egg-info/SOURCES.txt'
[2.186s] reading manifest file '../../build/yolo/yolo.egg-info/SOURCES.txt'
[2.187s] writing manifest file '../../build/yolo/yolo.egg-info/SOURCES.txt'
[2.187s] running build
[2.187s] running build_py
[2.187s] creating /home/faiha/polearm/build/yolo/build
[2.187s] creating /home/faiha/polearm/build/yolo/build/lib
[2.187s] creating /home/faiha/polearm/build/yolo/build/lib/Barcode_detection
[2.187s] copying Barcode_detection/__init__.py -> /home/faiha/polearm/build/yolo/build/lib/Barcode_detection
[2.187s] copying Barcode_detection/barcode_scanner.py -> /home/faiha/polearm/build/yolo/build/lib/Barcode_detection
[2.188s] running install
[2.188s] running install_lib
[2.190s] creating /home/faiha/polearm/install/yolo/lib/python3.10/site-packages/Barcode_detection
[2.190s] copying /home/faiha/polearm/build/yolo/build/lib/Barcode_detection/__init__.py -> /home/faiha/polearm/install/yolo/lib/python3.10/site-packages/Barcode_detection
[2.191s] copying /home/faiha/polearm/build/yolo/build/lib/Barcode_detection/barcode_scanner.py -> /home/faiha/polearm/install/yolo/lib/python3.10/site-packages/Barcode_detection
[2.191s] byte-compiling /home/faiha/polearm/install/yolo/lib/python3.10/site-packages/Barcode_detection/__init__.py to __init__.cpython-310.pyc
[2.192s] byte-compiling /home/faiha/polearm/install/yolo/lib/python3.10/site-packages/Barcode_detection/barcode_scanner.py to barcode_scanner.cpython-310.pyc
[2.193s] running install_data
[2.193s] creating /home/faiha/polearm/install/yolo/share/ament_index
[2.193s] creating /home/faiha/polearm/install/yolo/share/ament_index/resource_index
[2.193s] creating /home/faiha/polearm/install/yolo/share/ament_index/resource_index/packages
[2.193s] copying resource/yolo -> /home/faiha/polearm/install/yolo/share/ament_index/resource_index/packages
[2.193s] copying package.xml -> /home/faiha/polearm/install/yolo/share/yolo
[2.194s] running install_egg_info
[2.196s] Copying ../../build/yolo/yolo.egg-info to /home/faiha/polearm/install/yolo/lib/python3.10/site-packages/yolo-0.0.0-py3.10.egg-info
[2.197s] running install_scripts
[2.232s] Installing barciode_scanner script to /home/faiha/polearm/install/yolo/lib/yolo
[2.233s] writing list of installed files to '/home/faiha/polearm/build/yolo/install.log'
[2.299s] Invoked command in '/home/faiha/polearm/src/yolo' returned '0': PYTHONPATH=/home/faiha/polearm/build/yolo/prefix_override:/usr/lib/python3/dist-packages/colcon_core/task/python/colcon_distutils_commands:/home/faiha/polearm/install/yolo/lib/python3.10/site-packages:${PYTHONPATH} /usr/bin/python3 -W ignore:setup.py install is deprecated -W ignore:easy_install command is deprecated setup.py egg_info --egg-base ../../build/yolo build --build-base /home/faiha/polearm/build/yolo/build install --record /home/faiha/polearm/build/yolo/install.log --single-version-externally-managed install_data
